\BOOKMARK [1][-]{section.1}{\376\377\000\040\131\064\145\207\116\366\000\040}{}% 1
\BOOKMARK [2][-]{subsection.1.1}{\376\377\000\040\152\041\147\177\000\040}{section.1}% 2
\BOOKMARK [2][-]{subsection.1.2}{\376\377\000\040\000d\000e\000b\000u\000g\000.\000h\000\040\145\207\116\366\000\040}{section.1}% 3
\BOOKMARK [1][-]{section.2}{\376\377\000\040\145\160\143\156\176\323\147\204\000\040}{}% 4
\BOOKMARK [2][-]{subsection.2.1}{\376\377\000\040\150\010\000\040}{section.2}% 5
\BOOKMARK [3][-]{subsubsection.2.1.1}{\376\377\000\040\123\125\214\003\150\010\000\040}{subsection.2.1}% 6
\BOOKMARK [2][-]{subsection.2.2}{\376\377\000\040\226\037\122\027\000\040}{section.2}% 7
\BOOKMARK [3][-]{subsubsection.2.2.1}{\376\377\000\040\123\125\214\003\226\037\122\027\000\040\000\050\156\321\122\250\172\227\123\343\000\051\000\040}{subsection.2.2}% 8
\BOOKMARK [2][-]{subsection.2.3}{\376\377\000\040\000D\000S\000U\000\040}{section.2}% 9
\BOOKMARK [2][-]{subsection.2.4}{\376\377\000\040\000S\000T\000\040\210\150\000\040}{section.2}% 10
\BOOKMARK [3][-]{subsubsection.2.4.1}{\376\377\000\040\116\000\176\364\000\040\000S\000T\000\040\210\150\000\040}{subsection.2.4}% 11
\BOOKMARK [3][-]{subsubsection.2.4.2}{\376\377\000\040\116\214\176\364\000\040\000S\000T\000\040\210\150\000\040}{subsection.2.4}% 12
\BOOKMARK [2][-]{subsection.2.5}{\376\377\000\040\150\021\162\266\145\160\176\304\000\040}{section.2}% 13
\BOOKMARK [3][-]{subsubsection.2.5.1}{\376\377\000\040\123\125\160\271\117\356\145\071\377\014\123\072\225\364\147\345\213\342\000\040}{subsection.2.5}% 14
\BOOKMARK [3][-]{subsubsection.2.5.2}{\376\377\000\040\123\072\225\364\117\356\145\071\377\014\123\125\160\271\147\345\213\342\000\040}{subsection.2.5}% 15
\BOOKMARK [3][-]{subsubsection.2.5.3}{\376\377\000\040\123\072\225\364\117\356\145\071\377\014\123\072\225\364\147\345\213\342\000\040}{subsection.2.5}% 16
\BOOKMARK [2][-]{subsection.2.6}{\376\377\000\040\176\277\153\265\150\021\000\040}{section.2}% 17
\BOOKMARK [3][-]{subsubsection.2.6.1}{\376\377\000\040\123\125\160\271\117\356\145\071\000\040}{subsection.2.6}% 18
\BOOKMARK [3][-]{subsubsection.2.6.2}{\376\377\000\040\123\072\225\364\117\356\145\071\000\040\000\050\136\046\000a\000d\000d\166\204\000l\000a\000z\000y\000\137\000t\000a\000g\000\051\000\040}{subsection.2.6}% 19
\BOOKMARK [3][-]{subsubsection.2.6.3}{\376\377\000\040\123\072\225\364\117\356\145\071\000\040\000\050\136\046\000\040\000a\000d\000d\000\040\124\214\000\040\000m\000u\000l\000\040\166\204\000\040\000l\000a\000z\000y\000\137\000t\000a\000g\000\051\000\040}{subsection.2.6}% 20
\BOOKMARK [3][-]{subsubsection.2.6.4}{\376\377\000\040\122\250\140\001\137\000\160\271\147\103\120\074\176\277\153\265\150\021\000\040}{subsection.2.6}% 21
\BOOKMARK [3][-]{subsubsection.2.6.5}{\376\377\000\040\000\050\147\103\120\074\000\051\000\040\176\277\153\265\150\021\124\010\136\166\000\040}{subsection.2.6}% 22
\BOOKMARK [2][-]{subsection.2.7}{\376\377\000\040\122\022\122\006\150\021\000\040}{section.2}% 23
\BOOKMARK [2][-]{subsection.2.8}{\376\377\000\040\123\357\143\001\116\105\123\026\176\277\153\265\150\021\000\040}{section.2}% 24
\BOOKMARK [3][-]{subsubsection.2.8.1}{\376\377\000\040\173\054\000\040\0001\000\040\116\052\117\213\230\230\000\040}{subsection.2.8}% 25
\BOOKMARK [3][-]{subsubsection.2.8.2}{\376\377\173\054\0002\116\052\117\213\230\230}{subsection.2.8}% 26
\BOOKMARK [2][-]{subsection.2.9}{\376\377\000\040\173\033\123\141\134\024\150\021\000\040}{section.2}% 27
\BOOKMARK [2][-]{subsection.2.10}{\376\377\000\040\000T\000r\000e\000a\000p\000\040}{section.2}% 28
\BOOKMARK [3][-]{subsubsection.2.10.1}{\376\377\000\040\145\313\217\154\000\040\000T\000r\000e\000a\000p\000\040}{subsection.2.10}% 29
\BOOKMARK [3][-]{subsubsection.2.10.2}{\376\377\000\040\145\340\145\313\000\040\000T\000r\000e\000a\000p\000\040}{subsection.2.10}% 30
\BOOKMARK [3][-]{subsubsection.2.10.3}{\376\377\000\040\165\050\000\040\0000\0001\000\040\000T\000r\000i\000e\000\040\133\236\163\260\000\040}{subsection.2.10}% 31
\BOOKMARK [2][-]{subsection.2.11}{\376\377\000\040\000S\000p\000l\000a\000y\000\040}{section.2}% 32
\BOOKMARK [3][-]{subsubsection.2.11.1}{\376\377\000\040\145\207\202\172\136\163\210\141\150\021\000\040}{subsection.2.11}% 33
\BOOKMARK [3][-]{subsubsection.2.11.2}{\376\377\000\040\146\156\220\032\136\163\210\141\150\021\000\040}{subsection.2.11}% 34
\BOOKMARK [2][-]{subsection.2.12}{\376\377\000\040\150\021\131\127\150\021\000\040}{section.2}% 35
\BOOKMARK [3][-]{subsubsection.2.12.1}{\376\377\176\277\153\265\150\021\131\127\176\277\153\265\150\021}{subsection.2.12}% 36
\BOOKMARK [3][-]{subsubsection.2.12.2}{\376\377\000\040\176\277\153\265\150\021\131\127\136\163\210\141\150\021\000\040}{subsection.2.12}% 37
\BOOKMARK [1][-]{section.3}{\376\377\000\040\133\127\173\046\116\062\000\040}{}% 38
\BOOKMARK [2][-]{subsection.3.1}{\376\377\000\040\133\127\121\170\150\021\000\040}{section.3}% 39
\BOOKMARK [3][-]{subsubsection.3.1.1}{\376\377\000\040\146\156\220\032\133\127\121\170\150\021\000\040\000\050\123\125\213\315\123\071\221\115\000\051\000\040}{subsection.3.1}% 40
\BOOKMARK [3][-]{subsubsection.3.1.2}{\376\377\0000\0001\133\127\121\170\150\021\377\010\154\102\147\000\131\047\137\002\142\026\120\074\377\011}{subsection.3.1}% 41
\BOOKMARK [3][-]{subsubsection.3.1.3}{\376\377\000\040\133\127\121\170\150\021\124\010\136\166\000\040}{subsection.3.1}% 42
\BOOKMARK [2][-]{subsection.3.2}{\376\377\000\040\000K\000M\000P\000\040}{section.3}% 43
\BOOKMARK [3][-]{subsubsection.3.2.1}{\376\377\213\241\173\227\000\040\000n\000e\000x\000t\000\040\145\160\176\304}{subsection.3.2}% 44
\BOOKMARK [3][-]{subsubsection.3.2.2}{\376\377\127\050\145\207\147\054\116\062\116\055\123\071\221\115\152\041\137\017\116\062}{subsection.3.2}% 45
\BOOKMARK [3][-]{subsubsection.3.2.3}{\376\377\133\127\173\046\116\062\166\204\147\000\134\017\124\150\147\037}{subsection.3.2}% 46
\BOOKMARK [1][-]{section.4}{\376\377\000\040\145\160\133\146\000\040\000-\000\040\131\032\230\171\137\017\000\040}{}% 47
\BOOKMARK [2][-]{subsection.4.1}{\376\377\000\040\000F\000F\000T\000\040}{section.4}% 48
\BOOKMARK [3][-]{subsubsection.4.1.1}{\376\377\000\040\000F\000F\000T\000\040}{subsection.4.1}% 49
\BOOKMARK [3][-]{subsubsection.4.1.2}{\376\377\000\040\142\306\174\373\145\160\000F\000F\000T\000\040}{subsection.4.1}% 50
\BOOKMARK [2][-]{subsection.4.2}{\376\377\000\040\000N\000T\000T\000\040\121\150\133\266\150\166\000\040}{section.4}% 51
\BOOKMARK [3][-]{subsubsection.4.2.1}{\376\377\000\040\116\130\154\325\000\040}{subsection.4.2}% 52
\BOOKMARK [3][-]{subsubsection.4.2.2}{\376\377\000\040\220\006\000\040}{subsection.4.2}% 53
\BOOKMARK [3][-]{subsubsection.4.2.3}{\376\377\000\040\000l\000o\000g\000\040}{subsection.4.2}% 54
\BOOKMARK [3][-]{subsubsection.4.2.4}{\376\377\000\040\000e\000x\000p\000\040}{subsection.4.2}% 55
\BOOKMARK [3][-]{subsubsection.4.2.5}{\376\377\000\040\000s\000q\000r\000t\000\040}{subsection.4.2}% 56
\BOOKMARK [2][-]{subsection.4.3}{\376\377\000\040\000F\000W\000T\000\040}{section.4}% 57
\BOOKMARK [3][-]{subsubsection.4.3.1}{\376\377\000\040\116\016\000\040}{subsection.4.3}% 58
\BOOKMARK [3][-]{subsubsection.4.3.2}{\376\377\000\040\142\026\000\040}{subsection.4.3}% 59
\BOOKMARK [3][-]{subsubsection.4.3.3}{\376\377\000\040\137\002\142\026\000\040}{subsection.4.3}% 60
\BOOKMARK [2][-]{subsection.4.4}{\376\377\000\040\142\311\150\074\147\027\145\345\143\322\120\074\000\040}{section.4}% 61
\BOOKMARK [3][-]{subsubsection.4.4.1}{\376\377\000\040\116\000\202\054\166\204\143\322\120\074\000\040}{subsection.4.4}% 62
\BOOKMARK [3][-]{subsubsection.4.4.2}{\376\377\000\040\127\120\150\007\217\336\176\355\166\204\143\322\120\074\000\040}{subsection.4.4}% 63
\BOOKMARK [1][-]{section.5}{\376\377\000\040\145\160\133\146\000\040\000-\000\040\145\160\213\272\000\040}{}% 64
\BOOKMARK [2][-]{subsection.5.1}{\376\377\000\040\153\047\121\340\221\314\137\227\173\227\154\325\000\040}{section.5}% 65
\BOOKMARK [3][-]{subsubsection.5.1.1}{\376\377\000\040\153\047\121\340\221\314\137\227\173\227\154\325\000\040}{subsection.5.1}% 66
\BOOKMARK [3][-]{subsubsection.5.1.2}{\376\377\000\040\142\151\134\125\153\047\121\340\221\314\137\227\173\227\154\325\000\040}{subsection.5.1}% 67
\BOOKMARK [3][-]{subsubsection.5.1.3}{\376\377\000\040\174\173\153\047\121\340\221\314\137\227\173\227\154\325\000\040}{subsection.5.1}% 68
\BOOKMARK [2][-]{subsection.5.2}{\376\377\000\040\137\353\220\037\136\102\000\040}{section.5}% 69
\BOOKMARK [2][-]{subsection.5.3}{\376\377\000\040\220\006\121\103\000\040}{section.5}% 70
\BOOKMARK [3][-]{subsubsection.5.3.1}{\376\377\000\040\215\071\232\154\134\017\133\232\164\006\000\040}{subsection.5.3}% 71
\BOOKMARK [3][-]{subsubsection.5.3.2}{\376\377\000\040\142\151\134\125\153\047\121\340\221\314\137\227\000\040}{subsection.5.3}% 72
\BOOKMARK [3][-]{subsubsection.5.3.3}{\376\377\000\040\176\277\140\047\220\022\143\250\000\040}{subsection.5.3}% 73
\BOOKMARK [2][-]{subsection.5.4}{\376\377\000\040\153\047\142\311\121\375\145\160\000\040}{section.5}% 74
\BOOKMARK [3][-]{subsubsection.5.4.1}{\376\377\000\040\147\320\116\052\145\160\166\204\153\047\142\311\121\375\145\160\120\074\000\040}{subsection.5.4}% 75
\BOOKMARK [3][-]{subsubsection.5.4.2}{\376\377\000\040\153\047\142\311\133\232\164\006\000\040}{subsection.5.4}% 76
\BOOKMARK [3][-]{subsubsection.5.4.3}{\376\377\000\040\142\151\134\125\153\047\142\311\133\232\164\006\000\040}{subsection.5.4}% 77
\BOOKMARK [2][-]{subsection.5.5}{\376\377\000\040\116\055\126\375\122\151\117\131\133\232\164\006\000\040}{section.5}% 78
\BOOKMARK [3][-]{subsubsection.5.5.1}{\376\377\000\040\142\151\134\125\116\055\126\375\122\151\117\131\133\232\164\006\000\040}{subsection.5.5}% 79
\BOOKMARK [2][-]{subsection.5.6}{\376\377\000\040\145\160\213\272\122\006\127\127\000\040}{section.5}% 80
\BOOKMARK [3][-]{subsubsection.5.6.1}{\376\377\000\040\122\006\127\127\166\204\220\073\217\221\000\040}{subsection.5.6}% 81
\BOOKMARK [3][-]{subsubsection.5.6.2}{\376\377\000\040\116\000\202\054\137\142\137\017\000\040}{subsection.5.6}% 82
\BOOKMARK [2][-]{subsection.5.7}{\376\377\000\040\132\001\134\024\220\012\133\232\164\006\000\040}{section.5}% 83
\BOOKMARK [2][-]{subsection.5.8}{\376\377\000\040\123\142\123\141\145\257\133\232\164\006\000\040}{section.5}% 84
\BOOKMARK [3][-]{subsubsection.5.8.1}{\376\377\000\040\123\142\123\141\145\257\133\232\164\006\000\040}{subsection.5.8}% 85
\BOOKMARK [3][-]{subsubsection.5.8.2}{\376\377\000\040\175\040\145\160\127\050\176\304\124\010\145\160\116\055\166\204\153\041\145\160\000\040}{subsection.5.8}% 86
\BOOKMARK [3][-]{subsubsection.5.8.3}{\376\377\000\040\142\151\134\125\123\142\123\141\145\257\133\232\164\006\000\040}{subsection.5.8}% 87
\BOOKMARK [2][-]{subsection.5.9}{\376\377\000\040\210\364\207\000\133\232\164\006\000\040}{section.5}% 88
\BOOKMARK [3][-]{subsubsection.5.9.1}{\376\377\000\040\210\364\207\000\133\232\164\006\000\040}{subsection.5.9}% 89
\BOOKMARK [3][-]{subsubsection.5.9.2}{\376\377\000\040\143\250\213\272\000\040}{subsection.5.9}% 90
\BOOKMARK [2][-]{subsection.5.10}{\376\377\000\040\123\107\136\102\133\232\164\006\000\040}{section.5}% 91
\BOOKMARK [3][-]{subsubsection.5.10.1}{\376\377\000\040\152\041\116\072\131\107\175\040\145\160\000\040}{subsection.5.10}% 92
\BOOKMARK [3][-]{subsubsection.5.10.2}{\376\377\000\040\152\041\116\072\0002\000\040}{subsection.5.10}% 93
\BOOKMARK [2][-]{subsection.5.11}{\376\377\000\040\173\133\154\325\154\107\140\073\000\040}{section.5}% 94
\BOOKMARK [3][-]{subsubsection.5.11.1}{\376\377\000\040\175\040\145\160\173\133\000\040}{subsection.5.11}% 95
\BOOKMARK [3][-]{subsubsection.5.11.2}{\376\377\000\040\153\047\142\311\121\375\145\160\000\040\000\050\000n\000\051\000\040}{subsection.5.11}% 96
\BOOKMARK [3][-]{subsubsection.5.11.3}{\376\377\000\040\203\253\153\324\116\114\145\257\121\375\145\160\000\040\000\050\000n\000\051\000\040}{subsection.5.11}% 97
\BOOKMARK [3][-]{subsubsection.5.11.4}{\376\377\000\040\126\340\145\160\154\102\124\214\000\040\000d\000\050\000n\000\051\000\040}{subsection.5.11}% 98
\BOOKMARK [2][-]{subsection.5.12}{\376\377\000\040\203\253\153\324\116\114\145\257\123\315\157\024\000\040}{section.5}% 99
\BOOKMARK [3][-]{subsubsection.5.12.1}{\376\377\000\040\203\253\153\324\116\114\145\257\121\375\145\160\000\040}{subsection.5.12}% 100
\BOOKMARK [3][-]{subsubsection.5.12.2}{\376\377\000\040\203\253\153\324\116\114\145\257\123\315\157\024\000\040}{subsection.5.12}% 101
\BOOKMARK [3][-]{subsubsection.5.12.3}{\376\377\000\040\117\213\133\120\000\040}{subsection.5.12}% 102
\BOOKMARK [2][-]{subsection.5.13}{\376\377\000\040\000B\000S\000G\000S\000\040}{section.5}% 103
\BOOKMARK [3][-]{subsubsection.5.13.1}{\376\377\000\040\000B\000S\000G\000S\000\040}{subsection.5.13}% 104
\BOOKMARK [3][-]{subsubsection.5.13.2}{\376\377\000\040\142\151\134\125\000B\000S\000G\000S\000\040}{subsection.5.13}% 105
\BOOKMARK [2][-]{subsection.5.14}{\376\377\000\040\000M\000i\000l\000l\000e\000r\000-\000R\000a\000b\000i\000n\000\040\175\040\145\160\150\300\232\214\000\040}{section.5}% 106
\BOOKMARK [2][-]{subsection.5.15}{\376\377\000\040\000P\000o\000l\000l\000a\000r\000d\000-\000R\000h\000o\000\040\173\227\154\325\000\040}{section.5}% 107
\BOOKMARK [3][-]{subsubsection.5.15.1}{\376\377\000\040\120\015\130\236\133\236\163\260\000\040}{subsection.5.15}% 108
\BOOKMARK [3][-]{subsubsection.5.15.2}{\376\377\122\051\165\050\000\040\000M\000i\000l\000l\000e\000r\000-\000R\000a\000b\000i\000n\000\040\124\214\000\040\000P\000o\000l\000l\000a\000r\000d\000-\000R\000h\000o\000\040\217\333\210\114\175\040\126\340\145\160\122\006\211\343}{subsection.5.15}% 109
\BOOKMARK [2][-]{subsection.5.16}{\376\377\000\040\116\214\153\041\122\151\117\131\000\040}{section.5}% 110
\BOOKMARK [3][-]{subsubsection.5.16.1}{\376\377\000\040\000C\000i\000p\000o\000l\000l\000a\000\040\173\227\154\325\000\040}{subsection.5.16}% 111
\BOOKMARK [1][-]{section.6}{\376\377\000\040\145\160\133\146\000\040\000-\000\040\176\304\124\010\145\160\133\146\000\040}{}% 112
\BOOKMARK [2][-]{subsection.6.1}{\376\377\000\040\145\257\162\171\147\227\145\160\000\040}{section.6}% 113
\BOOKMARK [3][-]{subsubsection.6.1.1}{\376\377\000\040\173\054\116\000\174\173\000\040\000S\000t\000i\000r\000l\000i\000n\000g\000\040\145\160\000\040}{subsection.6.1}% 114
\BOOKMARK [3][-]{subsubsection.6.1.2}{\376\377\000\040\173\054\116\214\174\173\000\040\000S\000t\000i\000r\000l\000i\000n\000g\000\040\145\160\000\040}{subsection.6.1}% 115
\BOOKMARK [1][-]{section.7}{\376\377\000\040\145\160\133\146\000\040\000-\000\040\131\015\145\160\000\040}{}% 116
\BOOKMARK [1][-]{section.8}{\376\377\000\040\145\160\133\146\000\040\000-\000\040\176\277\140\047\116\343\145\160\000\040}{}% 117
\BOOKMARK [2][-]{subsection.8.1}{\376\377\000\040\210\114\122\027\137\017\000\040}{section.8}% 118
\BOOKMARK [2][-]{subsection.8.2}{\376\377\000\040\167\351\226\065\116\130\154\325\000\040}{section.8}% 119
\BOOKMARK [1][-]{section.9}{\376\377\000\040\123\132\137\010\213\272\000\040}{}% 120
\BOOKMARK [2][-]{subsection.9.1}{\376\377\000\040\000N\000i\000m\000\040\156\070\142\017\000\040}{section.9}% 121
\BOOKMARK [2][-]{subsection.9.2}{\376\377\000\040\000a\000n\000t\000i\000-\000N\000i\000m\000\040\156\070\142\017\000\040}{section.9}% 122
\BOOKMARK [1][-]{section.10}{\376\377\000\040\176\277\140\047\211\304\122\022\000\040}{}% 123
\BOOKMARK [2][-]{subsection.10.1}{\376\377\000\040\123\125\176\257\137\142\173\227\154\325\000\040}{section.10}% 124
\BOOKMARK [1][-]{section.11}{\376\377\000\040\126\376\213\272\000\040}{}% 125
\BOOKMARK [2][-]{subsection.11.1}{\376\377\000\040\142\323\142\121\143\222\136\217\000\040}{section.11}% 126
\BOOKMARK [2][-]{subsection.11.2}{\376\377\000\040\147\000\167\355\215\357\000\040}{section.11}% 127
\BOOKMARK [3][-]{subsubsection.11.2.1}{\376\377\000\040\147\000\167\355\215\357\000\040}{subsection.11.2}% 128
\BOOKMARK [3][-]{subsubsection.11.2.2}{\376\377\000\040\147\000\167\355\215\357\213\241\145\160\000\040}{subsection.11.2}% 129
\BOOKMARK [3][-]{subsubsection.11.2.3}{\376\377\000\040\215\037\163\257\000\040}{subsection.11.2}% 130
\BOOKMARK [3][-]{subsubsection.11.2.4}{\376\377\000\040\122\006\134\102\147\000\167\355\215\357\000\040}{subsection.11.2}% 131
\BOOKMARK [2][-]{subsection.11.3}{\376\377\000\040\135\356\122\006\176\246\147\137\000\040}{section.11}% 132
\BOOKMARK [2][-]{subsection.11.4}{\376\377\000\040\147\000\134\017\165\037\142\020\150\021\000\040}{section.11}% 133
\BOOKMARK [3][-]{subsubsection.11.4.1}{\376\377\000\040\147\000\134\017\165\037\142\020\150\021\000\040}{subsection.11.4}% 134
\BOOKMARK [2][-]{subsection.11.5}{\376\377\000\040\137\072\217\336\220\032\122\006\221\317\000\040}{section.11}% 135
\BOOKMARK [3][-]{subsubsection.11.5.1}{\376\377\000\040\137\072\217\336\220\032\122\006\221\317\000\040}{subsection.11.5}% 136
\BOOKMARK [2][-]{subsection.11.6}{\376\377\000\040\123\314\217\336\220\032\122\006\221\317\000\040}{section.11}% 137
\BOOKMARK [3][-]{subsubsection.11.6.1}{\376\377\000\040\160\271\123\314\217\336\220\032\122\006\221\317\000\040}{subsection.11.6}% 138
\BOOKMARK [3][-]{subsubsection.11.6.2}{\376\377\000\040\217\271\123\314\217\336\220\032\122\006\221\317\000\040}{subsection.11.6}% 139
\BOOKMARK [2][-]{subsection.11.7}{\376\377\000\040\150\021\116\012\225\356\230\230\000\040\000-\000\040\150\021\166\204\166\364\137\204\000\040}{section.11}% 140
\BOOKMARK [3][-]{subsubsection.11.7.1}{\376\377\000\040\116\044\153\041\000D\000F\000S\000\040}{subsection.11.7}% 141
\BOOKMARK [3][-]{subsubsection.11.7.2}{\376\377\000\040\150\021\137\142\000\040\000D\000P\000\040}{subsection.11.7}% 142
\BOOKMARK [2][-]{subsection.11.8}{\376\377\000\040\150\021\116\012\225\356\230\230\000\040\000-\000\040\150\021\166\204\221\315\137\303\000\040}{section.11}% 143
\BOOKMARK [2][-]{subsection.11.9}{\376\377\000\040\150\021\116\012\225\356\230\230\000\040\000-\000\040\000D\000S\000U\000\040\000o\000n\000\040\000t\000r\000e\000e\000\040}{section.11}% 144
\BOOKMARK [2][-]{subsection.11.10}{\376\377\000\040\150\021\116\012\225\356\230\230\000\040\000-\000\040\000L\000C\000A\000\040}{section.11}% 145
\BOOKMARK [3][-]{subsubsection.11.10.1}{\376\377\000\040\120\015\130\236\173\227\154\325\000\040}{subsection.11.10}% 146
\BOOKMARK [2][-]{subsection.11.11}{\376\377\000\040\150\021\116\012\225\356\230\230\000\040\000-\000\040\150\021\224\376\122\126\122\006\000\040}{section.11}% 147
\BOOKMARK [3][-]{subsubsection.11.11.1}{\376\377\000\040\217\173\221\315\224\376\122\126\122\006\000\040}{subsection.11.11}% 148
\BOOKMARK [2][-]{subsection.11.12}{\376\377\000\040\150\021\116\012\225\356\230\230\000\040\000-\000\040\150\021\122\006\154\273\000\040}{section.11}% 149
\BOOKMARK [3][-]{subsubsection.11.12.1}{\376\377\000\040\160\271\122\006\154\273\000\040}{subsection.11.12}% 150
\BOOKMARK [2][-]{subsection.11.13}{\376\377\000\040\127\372\163\257\150\021\000\040}{section.11}% 151
\BOOKMARK [3][-]{subsubsection.11.13.1}{\376\377\000\040\142\176\163\257\000\040}{subsection.11.13}% 152
\BOOKMARK [2][-]{subsection.11.14}{\376\377\000\040\150\021\116\012\225\356\230\230\000\040\000-\000\040\000A\000H\000U\000\040\173\227\154\325\000\040}{section.11}% 153
\BOOKMARK [2][-]{subsection.11.15}{\376\377\000\040\206\132\150\021\000\040}{section.11}% 154
\BOOKMARK [2][-]{subsection.11.16}{\376\377\000\040\0002\000\040\000-\000\040\000S\000A\000T\000\040}{section.11}% 155
\BOOKMARK [2][-]{subsection.11.17}{\376\377\000\040\153\047\142\311\126\376\000\040}{section.11}% 156
\BOOKMARK [3][-]{subsubsection.11.17.1}{\376\377\000\040\147\011\124\021\126\376\000\040}{subsection.11.17}% 157
\BOOKMARK [3][-]{subsubsection.11.17.2}{\376\377\145\340\124\021\126\376}{subsection.11.17}% 158
\BOOKMARK [2][-]{subsection.11.18}{\376\377\000\040\147\000\134\017\163\257\000\040}{section.11}% 159
\BOOKMARK [3][-]{subsubsection.11.18.1}{\376\377\000\040\000D\000i\000j\000k\000s\000t\000r\000a\000\040}{subsection.11.18}% 160
\BOOKMARK [3][-]{subsubsection.11.18.2}{\376\377\000\040\000f\000l\000o\000y\000d\000\040}{subsection.11.18}% 161
\BOOKMARK [2][-]{subsection.11.19}{\376\377\000\040\177\121\176\334\155\101\000\040\000-\000\040\147\000\131\047\155\101\000\040}{section.11}% 162
\BOOKMARK [3][-]{subsubsection.11.19.1}{\376\377\000\040\000D\000i\000n\000i\000c\000\040}{subsection.11.19}% 163
\BOOKMARK [3][-]{subsubsection.11.19.2}{\376\377\000\040\000H\000L\000P\000P\000\040}{subsection.11.19}% 164
\BOOKMARK [2][-]{subsection.11.20}{\376\377\000\040\177\121\176\334\155\101\000\040\000-\000\040\215\071\165\050\155\101\000\040}{section.11}% 165
\BOOKMARK [3][-]{subsubsection.11.20.1}{\376\377\000\040\000D\000i\000n\000i\000c\000\040\000+\000\040\000S\000P\000F\000A\000\040}{subsection.11.20}% 166
\BOOKMARK [3][-]{subsubsection.11.20.2}{\376\377\000\040\000P\000r\000i\000m\000a\000l\000-\000D\000u\000a\000l\000\040\123\237\131\313\133\371\120\166\173\227\154\325\000\040}{subsection.11.20}% 167
\BOOKMARK [2][-]{subsection.11.21}{\376\377\000\040\177\121\176\334\155\101\000\040\000-\000\040\147\000\134\017\122\162\000\040}{section.11}% 168
\BOOKMARK [3][-]{subsubsection.11.21.1}{\376\377\000\040\147\000\131\047\155\101\147\000\134\017\122\162\133\232\164\006\000\040}{subsection.11.21}% 169
\BOOKMARK [3][-]{subsubsection.11.21.2}{\376\377\000\040\203\267\123\326\000\040\000S\000\040\116\055\166\204\160\271\000\040}{subsection.11.21}% 170
\BOOKMARK [3][-]{subsubsection.11.21.3}{\376\377\117\213\133\120}{subsection.11.21}% 171
\BOOKMARK [2][-]{subsection.11.22}{\376\377\000\040\126\376\123\071\221\115\000\040\000-\000\040\116\214\122\006\126\376\147\000\131\047\123\071\221\115\000\040}{section.11}% 172
\BOOKMARK [3][-]{subsubsection.11.22.1}{\376\377\000\040\000K\000u\000h\000n\000-\000M\000u\000n\000k\000r\000e\000s\000\040\173\227\154\325\000\040}{subsection.11.22}% 173
\BOOKMARK [3][-]{subsubsection.11.22.2}{\376\377\000\040\000H\000o\000p\000c\000r\000o\000f\000t\000-\000K\000a\000r\000p\000\040\173\227\154\325\000\040}{subsection.11.22}% 174
\BOOKMARK [2][-]{subsection.11.23}{\376\377\000\040\126\376\123\071\221\115\000\040\000-\000\040\116\214\122\006\126\376\147\000\131\047\147\103\123\071\221\115\000\040}{section.11}% 175
\BOOKMARK [3][-]{subsubsection.11.23.1}{\376\377\000K\000u\000h\000n\000-\000M\000u\000n\000k\000r\000e\000s}{subsection.11.23}% 176
\BOOKMARK [1][-]{section.12}{\376\377\000\040\213\241\173\227\121\340\117\125\000\040}{}% 177
\BOOKMARK [2][-]{subsection.12.1}{\376\377\000\040\116\214\176\364\127\372\170\100\000\040}{section.12}% 178
\BOOKMARK [3][-]{subsubsection.12.1.1}{\376\377\000\040\124\021\221\317\213\241\173\227\000\040}{subsection.12.1}% 179
\BOOKMARK [2][-]{subsection.12.2}{\376\377\000\040\121\370\123\005\000\040}{section.12}% 180
\BOOKMARK [3][-]{subsubsection.12.2.1}{\376\377\000\040\116\214\176\364\121\370\123\005\000\040}{subsection.12.2}% 181
\BOOKMARK [1][-]{section.13}{\376\377\171\273\176\277\173\227\154\325}{}% 182
\BOOKMARK [2][-]{subsection.13.1}{\376\377\000\040\203\253\226\037\000\040}{section.13}% 183
\BOOKMARK [3][-]{subsubsection.13.1.1}{\376\377\000\040\146\156\220\032\203\253\226\037\000\040}{subsection.13.1}% 184
\BOOKMARK [3][-]{subsubsection.13.1.2}{\376\377\000\040\136\046\117\356\145\071\203\253\226\037\000\040}{subsection.13.1}% 185
\BOOKMARK [3][-]{subsubsection.13.1.3}{\376\377\000\040\150\021\116\012\203\253\226\037\000\040}{subsection.13.1}% 186
\BOOKMARK [2][-]{subsection.13.2}{\376\377\000\040\171\273\145\143\123\026\000\040}{section.13}% 187
\BOOKMARK [2][-]{subsection.13.3}{\376\377\000\040\000C\000D\000Q\000\040\122\006\154\273\000\040}{section.13}% 188
