\BOOKMARK [1][-]{section.1}{\376\377\000\040\000h\000p\000p\000\040}{}% 1
\BOOKMARK [2][-]{subsection.1.1}{\376\377\000\040\000h\000e\000a\000d\000i\000n\000g\000\040}{section.1}% 2
\BOOKMARK [2][-]{subsection.1.2}{\376\377\000\040\000d\000e\000b\000u\000g\000.\000h\000\040}{section.1}% 3
\BOOKMARK [2][-]{subsection.1.3}{\376\377\000\040\000F\000p\000\040}{section.1}% 4
\BOOKMARK [1][-]{section.2}{\376\377\000\040\000s\000h\000e\000l\000l\000\040\000s\000c\000r\000i\000p\000t\000s\000\040}{}% 5
\BOOKMARK [2][-]{subsection.2.1}{\376\377\000\040\000m\000d\0005\000e\000r\000.\000s\000h\000\040}{section.2}% 6
\BOOKMARK [2][-]{subsection.2.2}{\376\377\000\040\000f\000o\000r\000m\000a\000t\000e\000r\000.\000s\000h\000\040}{section.2}% 7
\BOOKMARK [2][-]{subsection.2.3}{\376\377\000\040\000c\000h\000e\000c\000k\000e\000r\000.\000s\000h\000\040}{section.2}% 8
\BOOKMARK [1][-]{section.3}{\376\377\000\040\000d\000a\000t\000a\000\040\000s\000t\000r\000u\000c\000t\000u\000r\000e\000\040}{}% 9
\BOOKMARK [2][-]{subsection.3.1}{\376\377\000\040\000s\000t\000a\000c\000k\000\040}{section.3}% 10
\BOOKMARK [2][-]{subsection.3.2}{\376\377\000\040\000q\000u\000e\000u\000e\000\040}{section.3}% 11
\BOOKMARK [2][-]{subsection.3.3}{\376\377\000\040\000D\000S\000U\000\040}{section.3}% 12
\BOOKMARK [2][-]{subsection.3.4}{\376\377\000\040\000S\000T\000\040}{section.3}% 13
\BOOKMARK [2][-]{subsection.3.5}{\376\377\000\040\000c\000a\000r\000t\000e\000s\000i\000a\000n\000\040\000t\000r\000e\000e\000\040}{section.3}% 14
\BOOKMARK [2][-]{subsection.3.6}{\376\377\000\040\000s\000e\000g\000m\000e\000n\000t\000\040\000t\000r\000e\000e\000\040}{section.3}% 15
\BOOKMARK [2][-]{subsection.3.7}{\376\377\000\040\000h\000j\000t\000\040\000s\000e\000g\000m\000e\000n\000t\000\040\000t\000r\000e\000e\000\040}{section.3}% 16
\BOOKMARK [2][-]{subsection.3.8}{\376\377\000\040\000t\000r\000e\000a\000p\000\040}{section.3}% 17
\BOOKMARK [2][-]{subsection.3.9}{\376\377\000\040\000s\000p\000l\000a\000y\000\040}{section.3}% 18
\BOOKMARK [2][-]{subsection.3.10}{\376\377\000\040\000t\000r\000e\000e\000\040\000i\000n\000\040\000t\000r\000e\000e\000\040}{section.3}% 19
\BOOKMARK [1][-]{section.4}{\376\377\000\040\000s\000t\000r\000i\000n\000g\000\040}{}% 20
\BOOKMARK [2][-]{subsection.4.1}{\376\377\000\040\000k\000m\000p\000\040}{section.4}% 21
\BOOKMARK [2][-]{subsection.4.2}{\376\377\000\040\000z\000\040\000f\000u\000n\000c\000t\000i\000o\000n\000\040}{section.4}% 22
\BOOKMARK [2][-]{subsection.4.3}{\376\377\000\040\000t\000r\000i\000e\000\040}{section.4}% 23
\BOOKMARK [1][-]{section.5}{\376\377\000\040\000m\000a\000t\000h\000\040\000-\000\040\000n\000u\000m\000b\000e\000r\000\040\000t\000h\000e\000o\000r\000y\000\040}{}% 24
\BOOKMARK [2][-]{subsection.5.1}{\376\377\000\040\000E\000c\000u\000l\000i\000d\000\040}{section.5}% 25
\BOOKMARK [2][-]{subsection.5.2}{\376\377\000\040\000i\000n\000v\000e\000r\000s\000e\000\040}{section.5}% 26
\BOOKMARK [2][-]{subsection.5.3}{\376\377\000\040\000s\000i\000e\000v\000e\000\040}{section.5}% 27
\BOOKMARK [2][-]{subsection.5.4}{\376\377\000\040\000b\000l\000o\000c\000k\000\040}{section.5}% 28
\BOOKMARK [2][-]{subsection.5.5}{\376\377\000\040\000C\000R\000T\000\040\000\046\000\040\000e\000x\000C\000R\000T\000\040}{section.5}% 29
\BOOKMARK [2][-]{subsection.5.6}{\376\377\000\040\000B\000S\000G\000S\000\040\000\046\000\040\000e\000x\000B\000S\000G\000S\000\040}{section.5}% 30
\BOOKMARK [2][-]{subsection.5.7}{\376\377\000\040\000M\000i\000l\000l\000e\000r\000\040\000R\000a\000b\000i\000n\000\040}{section.5}% 31
\BOOKMARK [2][-]{subsection.5.8}{\376\377\000\040\000P\000o\000l\000l\000a\000r\000d\000\040\000R\000h\000o\000\040}{section.5}% 32
\BOOKMARK [2][-]{subsection.5.9}{\376\377\000\040\000q\000u\000a\000d\000r\000a\000t\000i\000c\000\040\000r\000e\000s\000i\000d\000u\000\040}{section.5}% 33
\BOOKMARK [2][-]{subsection.5.10}{\376\377\000\040\000L\000u\000c\000a\000s\000\040}{section.5}% 34
\BOOKMARK [2][-]{subsection.5.11}{\376\377\000\040\000W\000i\000l\000s\000o\000n\000\040}{section.5}% 35
\BOOKMARK [2][-]{subsection.5.12}{\376\377\000\040\000L\000T\000E\000\040}{section.5}% 36
\BOOKMARK [2][-]{subsection.5.13}{\376\377\000\040\000M\000o\000b\000i\000u\000s\000\040\000i\000n\000v\000e\000r\000s\000i\000o\000n}{section.5}% 37
\BOOKMARK [1][-]{section.6}{\376\377\000\040\000m\000a\000t\000h\000\040\000-\000\040\000p\000o\000l\000y\000n\000o\000m\000i\000a\000l\000\040}{}% 38
\BOOKMARK [2][-]{subsection.6.1}{\376\377\000\040\000F\000T\000T\000\040}{section.6}% 39
\BOOKMARK [2][-]{subsection.6.2}{\376\377\000\040\000F\000W\000T\000\040}{section.6}% 40
\BOOKMARK [2][-]{subsection.6.3}{\376\377\000\040\000c\000l\000a\000s\000s\000\040\000p\000o\000l\000y\000n\000o\000m\000i\000a\000l\000\040}{section.6}% 41
\BOOKMARK [2][-]{subsection.6.4}{\376\377\000\040\000w\000s\000y\000\040\000p\000o\000l\000y\000\040}{section.6}% 42
\BOOKMARK [1][-]{section.7}{\376\377\000\040\000m\000a\000t\000h\000\040\000-\000\040\000g\000a\000m\000e\000\040\000t\000h\000e\000o\000r\000y\000\040}{}% 43
\BOOKMARK [2][-]{subsection.7.1}{\376\377\000\040\000n\000i\000m\000\040\000g\000a\000m\000e\000\040}{section.7}% 44
\BOOKMARK [2][-]{subsection.7.2}{\376\377\000\040\000a\000n\000t\000i\000\040\000-\000\040\000n\000i\000m\000\040\000g\000a\000m\000e\000\040}{section.7}% 45
\BOOKMARK [1][-]{section.8}{\376\377\000\040\000m\000a\000t\000h\000\040\000-\000\040\000l\000i\000n\000e\000a\000r\000\040\000a\000l\000g\000e\000b\000r\000a}{}% 46
\BOOKMARK [2][-]{subsection.8.1}{\376\377\000\040\000m\000a\000t\000r\000i\000x\000\040}{section.8}% 47
\BOOKMARK [2][-]{subsection.8.2}{\376\377\000\040\000l\000i\000n\000e\000a\000r\000\040\000b\000a\000s\000i\000s\000\040}{section.8}% 48
\BOOKMARK [2][-]{subsection.8.3}{\376\377\000\040\000l\000i\000n\000e\000a\000r\000\040\000p\000r\000o\000g\000r\000a\000m\000m\000i\000n\000g\000\040}{section.8}% 49
\BOOKMARK [1][-]{section.9}{\376\377\000\040\000c\000o\000m\000p\000l\000e\000x\000\040\000n\000u\000m\000b\000e\000r\000\040}{}% 50
\BOOKMARK [1][-]{section.10}{\376\377\000\040\000g\000r\000a\000p\000h\000\040}{}% 51
\BOOKMARK [2][-]{subsection.10.1}{\376\377\000\040\000t\000o\000p\000s\000o\000r\000t\000\040}{section.10}% 52
\BOOKMARK [2][-]{subsection.10.2}{\376\377\000\040\000s\000h\000o\000r\000t\000e\000s\000t\000\040\000p\000a\000t\000h\000\040}{section.10}% 53
\BOOKMARK [2][-]{subsection.10.3}{\376\377\000\040\000m\000i\000n\000i\000m\000u\000m\000\040\000s\000p\000a\000n\000n\000i\000n\000g\000\040\000t\000r\000e\000e\000\040}{section.10}% 54
\BOOKMARK [2][-]{subsection.10.4}{\376\377\000\040\000S\000C\000C\000\040}{section.10}% 55
\BOOKMARK [3][-]{subsubsection.10.4.1}{\376\377\000\040\177\051\160\271\000\040}{subsection.10.4}% 56
\BOOKMARK [2][-]{subsection.10.5}{\376\377\000\040\000D\000C\000C\000\040}{section.10}% 57
\BOOKMARK [2][-]{subsection.10.6}{\376\377\000\040\000t\000w\000o\000\040\000s\000e\000t\000\040}{section.10}% 58
\BOOKMARK [2][-]{subsection.10.7}{\376\377\000\040\000m\000i\000n\000i\000m\000u\000m\000\040\000r\000i\000n\000g\000\040}{section.10}% 59
\BOOKMARK [2][-]{subsection.10.8}{\376\377\000\040\000t\000r\000e\000e\000\040\000-\000\040\000c\000e\000n\000t\000e\000r\000\040\000o\000f\000\040\000g\000r\000a\000v\000i\000t\000y\000\040}{section.10}% 60
\BOOKMARK [2][-]{subsection.10.9}{\376\377\000\040\000t\000r\000e\000e\000\040\000-\000\040\000D\000S\000U\000\040\000o\000n\000\040\000t\000r\000e\000e\000\040}{section.10}% 61
\BOOKMARK [2][-]{subsection.10.10}{\376\377\000\040\000t\000r\000e\000e\000\040\000-\000\040\000A\000H\000U\000\040}{section.10}% 62
\BOOKMARK [2][-]{subsection.10.11}{\376\377\000\040\000t\000r\000e\000e\000\040\000-\000\040\000L\000C\000A\000\040}{section.10}% 63
\BOOKMARK [2][-]{subsection.10.12}{\376\377\000\040\000t\000r\000e\000e\000\040\000-\000\040\000H\000L\000D\000\040}{section.10}% 64
\BOOKMARK [2][-]{subsection.10.13}{\376\377\000\040\000t\000r\000e\000e\000\040\000-\000\040\000v\000i\000r\000t\000u\000a\000l\000\040\000t\000r\000e\000e\000\040}{section.10}% 65
\BOOKMARK [2][-]{subsection.10.14}{\376\377\000\040\000t\000r\000e\000e\000\040\000-\000\040\000p\000s\000e\000u\000d\000o\000\040\000t\000r\000e\000e\000\040}{section.10}% 66
\BOOKMARK [2][-]{subsection.10.15}{\376\377\000\040\000t\000r\000e\000e\000\040\000-\000\040\000d\000i\000v\000i\000d\000e\000\040\000a\000n\000d\000\040\000c\000o\000n\000q\000u\000e\000r\000\040\000o\000n\000\040\000t\000r\000e\000e\000\040}{section.10}% 67
\BOOKMARK [2][-]{subsection.10.16}{\376\377\000\040\000n\000e\000t\000w\000o\000r\000k\000\040\000f\000l\000o\000w\000\040\000-\000\040\000m\000a\000x\000i\000m\000a\000l\000\040\000f\000l\000o\000w\000\040}{section.10}% 68
\BOOKMARK [2][-]{subsection.10.17}{\376\377\000\040\000n\000e\000t\000w\000o\000r\000k\000\040\000f\000l\000o\000w\000\040\000-\000\040\000m\000i\000n\000i\000m\000u\000m\000\040\000c\000o\000s\000t\000\040\000f\000l\000o\000w\000\040}{section.10}% 69
\BOOKMARK [2][-]{subsection.10.18}{\376\377\000\040\000n\000e\000t\000w\000o\000r\000k\000\040\000f\000l\000o\000w\000\040\000-\000\040\000m\000i\000n\000i\000m\000a\000l\000\040\000c\000u\000t\000\040}{section.10}% 70
\BOOKMARK [2][-]{subsection.10.19}{\376\377\000\040\000m\000a\000t\000c\000h\000i\000n\000g\000\040\000-\000\040\000m\000a\000t\000c\000h\000i\000n\000g\000\040\000o\000n\000\040\000b\000i\000p\000a\000r\000t\000i\000t\000e\000\040\000g\000r\000a\000p\000h\000\040}{section.10}% 71
\BOOKMARK [2][-]{subsection.10.20}{\376\377\000\040\000m\000a\000t\000c\000h\000i\000n\000g\000\040\000-\000\040\000m\000a\000t\000c\000h\000i\000n\000g\000\040\000o\000n\000\040\000g\000e\000n\000e\000r\000a\000l\000\040\000g\000r\000a\000p\000h\000\040}{section.10}% 72
\BOOKMARK [1][-]{section.11}{\376\377\000\040\000g\000e\000o\000m\000e\000t\000r\000y\000\040}{}% 73
\BOOKMARK [2][-]{subsection.11.1}{\376\377\000\040\000t\000w\000o\000\040\000d\000e\000m\000e\000n\000t\000i\000o\000n\000\040}{section.11}% 74
\BOOKMARK [2][-]{subsection.11.2}{\376\377\000\040\000c\000o\000n\000v\000e\000x\000\040}{section.11}% 75
\BOOKMARK [1][-]{section.12}{\376\377\000\040\000o\000f\000f\000l\000i\000n\000e\000\040\000a\000l\000g\000o\000r\000i\000t\000h\000m}{}% 76
\BOOKMARK [2][-]{subsection.12.1}{\376\377\000\040\000d\000i\000s\000c\000r\000e\000t\000i\000z\000a\000t\000i\000o\000n\000\040}{section.12}% 77
\BOOKMARK [2][-]{subsection.12.2}{\376\377\000\040\000M\000o\000\040\000a\000l\000g\000o\000r\000i\000t\000h\000m\000\040}{section.12}% 78
\BOOKMARK [2][-]{subsection.12.3}{\376\377\000\040\000C\000D\000Q\000\040}{section.12}% 79
